<?xml version="1.0" encoding="UTF-8"?>
<!-- Generated by org.testng.reporters.JUnitReportReporter -->
<testsuite name="com.automation.MavenProj.homePage.Test123" tests="1" time="0.037" ignored="0" failures="0" timestamp="03 Aug 2017 06:26:06 GMT" skipped="0" hostname="H5" errors="0">
  <testcase name="starting" time="0.037" classname="com.automation.MavenProj.homePage.Test123"/>
</testsuite> <!-- com.automation.MavenProj.homePage.Test123 -->
