<?xml version="1.0" encoding="UTF-8"?>
<!-- Generated by org.testng.reporters.JUnitReportReporter -->
<testsuite name="com.automation.MavenProj.homePage.TC002_newUserRegistration" tests="1" time="12.248" ignored="0" failures="0" timestamp="19 Jul 2017 09:30:45 GMT" skipped="0" hostname="H5" errors="0">
  <testcase name="newUserRegistration" time="12.248" classname="com.automation.MavenProj.homePage.TC002_newUserRegistration"/>
</testsuite> <!-- com.automation.MavenProj.homePage.TC002_newUserRegistration -->
