<?xml version="1.0" encoding="UTF-8"?>
<!-- Generated by org.testng.reporters.JUnitReportReporter -->
<testsuite name="com.automation.MavenProj.homePage.TC003_verifyLoginWithDifferentCredentials" tests="3" time="10.244" ignored="0" failures="0" timestamp="03 Aug 2017 06:33:40 GMT" skipped="2" hostname="H5" errors="0">
  <testcase name="newUserRegistration" time="0.024" classname="com.automation.MavenProj.homePage.TC003_verifyLoginWithDifferentCredentials">
    <skipped/>
  </testcase> <!-- newUserRegistration -->
  <testcase name="newUserRegistration" time="10.215" classname="com.automation.MavenProj.homePage.TC003_verifyLoginWithDifferentCredentials"/>
  <testcase name="newUserRegistration" time="0.005" classname="com.automation.MavenProj.homePage.TC003_verifyLoginWithDifferentCredentials">
    <skipped/>
  </testcase> <!-- newUserRegistration -->
</testsuite> <!-- com.automation.MavenProj.homePage.TC003_verifyLoginWithDifferentCredentials -->
