<?xml version="1.0" encoding="UTF-8"?>
<!-- Generated by org.testng.reporters.JUnitReportReporter -->
<testsuite name="com.automation.MavenProj.homePage.TC001_verifyLoginWithInvalidCredentials" tests="1" time="5.576" ignored="0" failures="0" timestamp="03 Aug 2017 09:26:47 GMT" skipped="0" hostname="H5" errors="0">
  <testcase name="verifyLoginWithInvalidCredentials" time="5.576" classname="com.automation.MavenProj.homePage.TC001_verifyLoginWithInvalidCredentials"/>
</testsuite> <!-- com.automation.MavenProj.homePage.TC001_verifyLoginWithInvalidCredentials -->
